c:\users\leo\documents\uni work\comp3015\comp-3015-cw2\project_template\x64\debug\vc143.pdb
c:\users\leo\documents\uni work\comp3015\comp-3015-cw2\project_template\x64\debug\vc143.idb
c:\users\leo\documents\uni work\comp3015\comp-3015-cw2\project_template\x64\debug\scenebasic_uniform.obj
c:\users\leo\documents\uni work\comp3015\comp-3015-cw2\project_template\x64\debug\projectile.obj
c:\users\leo\documents\uni work\comp3015\comp-3015-cw2\project_template\x64\debug\player.obj
c:\users\leo\documents\uni work\comp3015\comp-3015-cw2\project_template\x64\debug\main.obj
c:\users\leo\documents\uni work\comp3015\comp-3015-cw2\project_template\x64\debug\trianglemesh.obj
c:\users\leo\documents\uni work\comp3015\comp-3015-cw2\project_template\x64\debug\torus.obj
c:\users\leo\documents\uni work\comp3015\comp-3015-cw2\project_template\x64\debug\texture.obj
c:\users\leo\documents\uni work\comp3015\comp-3015-cw2\project_template\x64\debug\stb_image.obj
c:\users\leo\documents\uni work\comp3015\comp-3015-cw2\project_template\x64\debug\sphere.obj
c:\users\leo\documents\uni work\comp3015\comp-3015-cw2\project_template\x64\debug\skybox.obj
c:\users\leo\documents\uni work\comp3015\comp-3015-cw2\project_template\x64\debug\plane.obj
c:\users\leo\documents\uni work\comp3015\comp-3015-cw2\project_template\x64\debug\objmesh.obj
c:\users\leo\documents\uni work\comp3015\comp-3015-cw2\project_template\x64\debug\glutils.obj
c:\users\leo\documents\uni work\comp3015\comp-3015-cw2\project_template\x64\debug\glslprogram.obj
c:\users\leo\documents\uni work\comp3015\comp-3015-cw2\project_template\x64\debug\cube.obj
c:\users\leo\documents\uni work\comp3015\comp-3015-cw2\project_template\x64\debug\bullet.obj
c:\users\leo\documents\uni work\comp3015\comp-3015-cw2\project_template\x64\debug\glad.obj
c:\users\leo\documents\uni work\comp3015\comp-3015-cw2\project_template\x64\debug\grid.obj
c:\users\leo\documents\uni work\comp3015\comp-3015-cw2\x64\debug\project_template.exe
c:\users\leo\documents\uni work\comp3015\comp-3015-cw2\x64\debug\project_template.pdb
c:\users\leo\documents\uni work\comp3015\comp-3015-cw2\project_template\x64\debug\project_template.ilk
c:\users\leo\documents\uni work\comp3015\comp-3015-cw2\project_template\x64\debug\project_template.tlog\cl.command.1.tlog
c:\users\leo\documents\uni work\comp3015\comp-3015-cw2\project_template\x64\debug\project_template.tlog\cl.items.tlog
c:\users\leo\documents\uni work\comp3015\comp-3015-cw2\project_template\x64\debug\project_template.tlog\cl.read.1.tlog
c:\users\leo\documents\uni work\comp3015\comp-3015-cw2\project_template\x64\debug\project_template.tlog\cl.write.1.tlog
c:\users\leo\documents\uni work\comp3015\comp-3015-cw2\project_template\x64\debug\project_template.tlog\link.command.1.tlog
c:\users\leo\documents\uni work\comp3015\comp-3015-cw2\project_template\x64\debug\project_template.tlog\link.read.1.tlog
c:\users\leo\documents\uni work\comp3015\comp-3015-cw2\project_template\x64\debug\project_template.tlog\link.secondary.1.tlog
c:\users\leo\documents\uni work\comp3015\comp-3015-cw2\project_template\x64\debug\project_template.tlog\link.write.1.tlog
